#
# There is insufficient memory for the Java Runtime Environment to continue.
# Native memory allocation (mmap) failed to map 142606336 bytes for committing reserved memory.
# Possible reasons:
#   The system is out of physical RAM or swap space
#   In 32 bit mode, the process size limit was hit
# Possible solutions:
#   Reduce memory load on the system
#   Increase physical memory or swap space
#   Check if swap backing store is full
#   Use 64 bit Java on a 64 bit OS
#   Decrease Java heap size (-Xmx/-Xms)
#   Decrease number of Java threads
#   Decrease Java thread stack sizes (-Xss)
#   Set larger code cache with -XX:ReservedCodeCacheSize=
# This output file may be truncated or incomplete.
#
#  Out of Memory Error (os_linux.cpp:2627), pid=18551, tid=0x00007f3a09fff700
#
# JRE version: OpenJDK Runtime Environment (8.0_76-b03) (build 1.8.0_76-release-b03)
# Java VM: OpenJDK 64-Bit Server VM (25.76-b03 mixed mode linux-amd64 compressed oops)
# Failed to write core dump. Core dumps have been disabled. To enable core dumping, try "ulimit -c unlimited" before starting Java again
#

---------------  T H R E A D  ---------------

Current thread (0x00007f3a20078000):  VMThread [stack: 0x00007f3a09eff000,0x00007f3a0a000000] [id=18561]

Stack: [0x00007f3a09eff000,0x00007f3a0a000000],  sp=0x00007f3a09ffe480,  free space=1021k
Native frames: (J=compiled Java code, j=interpreted, Vv=VM code, C=native code)
V  [libjvm.so+0x9d9fcd]  VMError::report_and_die()+0x15d
V  [libjvm.so+0x4b4d4a]  report_vm_out_of_memory(char const*, int, unsigned long, VMErrorType, char const*)+0x8a
V  [libjvm.so+0x845190]  os::pd_commit_memory(char*, unsigned long, unsigned long, bool)+0xf0
V  [libjvm.so+0x83fcbf]  os::commit_memory(char*, unsigned long, unsigned long, bool)+0x1f
V  [libjvm.so+0x8b4d9b]  PSVirtualSpace::expand_by(unsigned long)+0x5b
V  [libjvm.so+0x8b5a10]  PSYoungGen::resize_generation(unsigned long, unsigned long)+0xb0
V  [libjvm.so+0x8b5d2b]  PSYoungGen::resize(unsigned long, unsigned long)+0x1b
V  [libjvm.so+0x8b241c]  PSScavenge::invoke_no_policy()+0xdac
V  [libjvm.so+0x8b2bf8]  PSScavenge::invoke()+0x38
V  [libjvm.so+0x8681f3]  ParallelScavengeHeap::failed_mem_allocate(unsigned long)+0x63
V  [libjvm.so+0x9dba94]  VM_ParallelGCFailedAllocation::doit()+0x84
V  [libjvm.so+0x9dfe47]  VM_Operation::evaluate()+0x47
V  [libjvm.so+0x9de908]  VMThread::evaluate_operation(VM_Operation*)+0x2c8
V  [libjvm.so+0x9ded89]  VMThread::loop()+0x219
V  [libjvm.so+0x9df1d2]  VMThread::run()+0x72
V  [libjvm.so+0x8425b2]  java_start(Thread*)+0xf2

VM_Operation (0x00007f3a08d0fd10): ParallelGCFailedAllocation, mode: safepoint, requested by thread 0x00007f3a20167000


---------------  P R O C E S S  ---------------

Java Threads: ( => current thread )
  0x00007f3a20168800 JavaThread "pool-1-thread-4" [_thread_blocked, id=18614, stack(0x00007f3a08b10000,0x00007f3a08c11000)]
  0x00007f3a20167000 JavaThread "pool-1-thread-3" [_thread_blocked, id=18613, stack(0x00007f3a08c11000,0x00007f3a08d12000)]
  0x00007f3a20166000 JavaThread "pool-1-thread-2" [_thread_blocked, id=18612, stack(0x00007f3a08d12000,0x00007f3a08e13000)]
  0x00007f3a20159800 JavaThread "pool-2-thread-1" [_thread_blocked, id=18611, stack(0x00007f3a08e13000,0x00007f3a08f14000)]
  0x00007f3a20158000 JavaThread "pool-1-thread-1" [_thread_blocked, id=18610, stack(0x00007f3a08f14000,0x00007f3a09015000)]
  0x00007f3a200c0000 JavaThread "Service Thread" daemon [_thread_blocked, id=18568, stack(0x00007f3a09116000,0x00007f3a09217000)]
  0x00007f3a200bd000 JavaThread "C1 CompilerThread2" daemon [_thread_blocked, id=18567, stack(0x00007f3a09217000,0x00007f3a09318000)]
  0x00007f3a200bb000 JavaThread "C2 CompilerThread1" daemon [_thread_in_native, id=18566, stack(0x00007f3a09318000,0x00007f3a09419000)]
  0x00007f3a200b8000 JavaThread "C2 CompilerThread0" daemon [_thread_blocked, id=18565, stack(0x00007f3a09419000,0x00007f3a0951a000)]
  0x00007f3a200b6800 JavaThread "Signal Dispatcher" daemon [_thread_blocked, id=18564, stack(0x00007f3a0951a000,0x00007f3a0961b000)]
  0x00007f3a20084000 JavaThread "Finalizer" daemon [_thread_blocked, id=18563, stack(0x00007f3a09cfd000,0x00007f3a09dfe000)]
  0x00007f3a2007f800 JavaThread "Reference Handler" daemon [_thread_blocked, id=18562, stack(0x00007f3a09dfe000,0x00007f3a09eff000)]
  0x00007f3a2000a800 JavaThread "main" [_thread_blocked, id=18555, stack(0x00007f3a285a9000,0x00007f3a286aa000)]

Other Threads:
=>0x00007f3a20078000 VMThread [stack: 0x00007f3a09eff000,0x00007f3a0a000000] [id=18561]
  0x00007f3a200c2800 WatcherThread [stack: 0x00007f3a09015000,0x00007f3a09116000] [id=18569]

VM state:at safepoint (normal execution)

VM Mutex/Monitor currently owned by a thread:  ([mutex/lock_event])
[0x00007f3a20006900] Threads_lock - owner thread: 0x00007f3a20078000
[0x00007f3a20006e00] Heap_lock - owner thread: 0x00007f3a20167000

Heap:
 PSYoungGen      total 135168K, used 13297K [0x00000000eab00000, 0x00000000f3d00000, 0x0000000100000000)
  eden space 121856K, 0% used [0x00000000eab00000,0x00000000eab00000,0x00000000f2200000)
  from space 13312K, 99% used [0x00000000f2200000,0x00000000f2efc400,0x00000000f2f00000)
  to   space 12288K, 0% used [0x00000000f2f00000,0x00000000f2f00000,0x00000000f3b00000)
 ParOldGen       total 39936K, used 35056K [0x00000000c0000000, 0x00000000c2700000, 0x00000000eab00000)
  object space 39936K, 87% used [0x00000000c0000000,0x00000000c223c238,0x00000000c2700000)
 Metaspace       used 6232K, capacity 7088K, committed 7296K, reserved 1056768K
  class space    used 592K, capacity 616K, committed 640K, reserved 1048576K

Card table byte_map: [0x00007f3a25256000,0x00007f3a25457000] byte_map_base: 0x00007f3a24c56000

Marking Bits: (ParMarkBitMap*) 0x00007f3a27a801a0
 Begin Bits: [0x00007f3a0a000000, 0x00007f3a0b000000)
 End Bits:   [0x00007f3a0b000000, 0x00007f3a0c000000)

Polling page: 0x00007f3a286ca000

CodeCache: size=245760Kb used=6636Kb max_used=6636Kb free=239123Kb
 bounds [0x00007f3a11000000, 0x00007f3a11690000, 0x00007f3a20000000]
 total_blobs=1997 nmethods=1730 adapters=182
 compilation: enabled

Compilation events (10 events):
Event: 7.490 Thread 0x00007f3a200bd000 2041       2       java.util.concurrent.FutureTask::done (1 bytes)
Event: 7.509 Thread 0x00007f3a200bd000 nmethod 2041 0x00007f3a1167dc10 code [0x00007f3a1167dd60, 0x00007f3a1167deb0]
Event: 7.591 Thread 0x00007f3a200bd000 2045       2       com.android.dx.rop.code.SwitchInsn::<init> (49 bytes)
Event: 7.592 Thread 0x00007f3a200bd000 nmethod 2045 0x00007f3a1167df10 code [0x00007f3a1167e0a0, 0x00007f3a1167e3a8]
Event: 7.595 Thread 0x00007f3a200bd000 2046       2       com.android.dx.dex.code.BlockAddresses::getStart (7 bytes)
Event: 7.595 Thread 0x00007f3a200bd000 nmethod 2046 0x00007f3a1167e550 code [0x00007f3a1167e6c0, 0x00007f3a1167e830]
Event: 7.604 Thread 0x00007f3a200bd000 2047       2       com.android.dx.rop.type.Type::isReference (15 bytes)
Event: 7.604 Thread 0x00007f3a200bd000 nmethod 2047 0x00007f3a1167e910 code [0x00007f3a1167ea60, 0x00007f3a1167ebd0]
Event: 7.606 Thread 0x00007f3a200bd000 2048       3       com.android.dx.cf.code.Ropper::getRopMethod (64 bytes)
Event: 7.613 Thread 0x00007f3a200bd000 nmethod 2048 0x00007f3a1167ec50 code [0x00007f3a1167eea0, 0x00007f3a1167fbf8]

GC Heap History (10 events):
Event: 2.809 GC heap after
Heap after GC invocations=2 (full 0):
 PSYoungGen      total 32768K, used 2032K [0x00000000eab00000, 0x00000000ecd00000, 0x0000000100000000)
  eden space 30720K, 0% used [0x00000000eab00000,0x00000000eab00000,0x00000000ec900000)
  from space 2048K, 99% used [0x00000000ecb00000,0x00000000eccfc048,0x00000000ecd00000)
  to   space 2048K, 0% used [0x00000000ec900000,0x00000000ec900000,0x00000000ecb00000)
 ParOldGen       total 39936K, used 2826K [0x00000000c0000000, 0x00000000c2700000, 0x00000000eab00000)
  object space 39936K, 7% used [0x00000000c0000000,0x00000000c02c2ab8,0x00000000c2700000)
 Metaspace       used 5741K, capacity 6768K, committed 7040K, reserved 1056768K
  class space    used 573K, capacity 616K, committed 640K, reserved 1048576K
}
Event: 3.725 GC heap before
{Heap before GC invocations=3 (full 0):
 PSYoungGen      total 32768K, used 32752K [0x00000000eab00000, 0x00000000ecd00000, 0x0000000100000000)
  eden space 30720K, 100% used [0x00000000eab00000,0x00000000ec900000,0x00000000ec900000)
  from space 2048K, 99% used [0x00000000ecb00000,0x00000000eccfc048,0x00000000ecd00000)
  to   space 2048K, 0% used [0x00000000ec900000,0x00000000ec900000,0x00000000ecb00000)
 ParOldGen       total 39936K, used 2826K [0x00000000c0000000, 0x00000000c2700000, 0x00000000eab00000)
  object space 39936K, 7% used [0x00000000c0000000,0x00000000c02c2ab8,0x00000000c2700000)
 Metaspace       used 5806K, capacity 6832K, committed 7040K, reserved 1056768K
  class space    used 574K, capacity 616K, committed 640K, reserved 1048576K
Event: 3.795 GC heap after
Heap after GC invocations=3 (full 0):
 PSYoungGen      total 32768K, used 2043K [0x00000000eab00000, 0x00000000eeb00000, 0x0000000100000000)
  eden space 30720K, 0% used [0x00000000eab00000,0x00000000eab00000,0x00000000ec900000)
  from space 2048K, 99% used [0x00000000ec900000,0x00000000ecafef68,0x00000000ecb00000)
  to   space 2048K, 0% used [0x00000000ee900000,0x00000000ee900000,0x00000000eeb00000)
 ParOldGen       total 39936K, used 7896K [0x00000000c0000000, 0x00000000c2700000, 0x00000000eab00000)
  object space 39936K, 19% used [0x00000000c0000000,0x00000000c07b6168,0x00000000c2700000)
 Metaspace       used 5806K, capacity 6832K, committed 7040K, reserved 1056768K
  class space    used 574K, capacity 616K, committed 640K, reserved 1048576K
}
Event: 4.298 GC heap before
{Heap before GC invocations=4 (full 0):
 PSYoungGen      total 32768K, used 32763K [0x00000000eab00000, 0x00000000eeb00000, 0x0000000100000000)
  eden space 30720K, 100% used [0x00000000eab00000,0x00000000ec900000,0x00000000ec900000)
  from space 2048K, 99% used [0x00000000ec900000,0x00000000ecafef68,0x00000000ecb00000)
  to   space 2048K, 0% used [0x00000000ee900000,0x00000000ee900000,0x00000000eeb00000)
 ParOldGen       total 39936K, used 7896K [0x00000000c0000000, 0x00000000c2700000, 0x00000000eab00000)
  object space 39936K, 19% used [0x00000000c0000000,0x00000000c07b6168,0x00000000c2700000)
 Metaspace       used 5851K, capacity 6832K, committed 7040K, reserved 1056768K
  class space    used 574K, capacity 616K, committed 640K, reserved 1048576K
Event: 4.387 GC heap after
Heap after GC invocations=4 (full 0):
 PSYoungGen      total 63488K, used 2040K [0x00000000eab00000, 0x00000000eeb00000, 0x0000000100000000)
  eden space 61440K, 0% used [0x00000000eab00000,0x00000000eab00000,0x00000000ee700000)
  from space 2048K, 99% used [0x00000000ee900000,0x00000000eeafe008,0x00000000eeb00000)
  to   space 2048K, 0% used [0x00000000ee700000,0x00000000ee700000,0x00000000ee900000)
 ParOldGen       total 39936K, used 12343K [0x00000000c0000000, 0x00000000c2700000, 0x00000000eab00000)
  object space 39936K, 30% used [0x00000000c0000000,0x00000000c0c0dcc0,0x00000000c2700000)
 Metaspace       used 5851K, capacity 6832K, committed 7040K, reserved 1056768K
  class space    used 574K, capacity 616K, committed 640K, reserved 1048576K
}
Event: 5.125 GC heap before
{Heap before GC invocations=5 (full 0):
 PSYoungGen      total 63488K, used 63480K [0x00000000eab00000, 0x00000000eeb00000, 0x0000000100000000)
  eden space 61440K, 100% used [0x00000000eab00000,0x00000000ee700000,0x00000000ee700000)
  from space 2048K, 99% used [0x00000000ee900000,0x00000000eeafe008,0x00000000eeb00000)
  to   space 2048K, 0% used [0x00000000ee700000,0x00000000ee700000,0x00000000ee900000)
 ParOldGen       total 39936K, used 12520K [0x00000000c0000000, 0x00000000c2700000, 0x00000000eab00000)
  object space 39936K, 31% used [0x00000000c0000000,0x00000000c0c3a0a0,0x00000000c2700000)
 Metaspace       used 5967K, capacity 6960K, committed 7040K, reserved 1056768K
  class space    used 574K, capacity 616K, committed 640K, reserved 1048576K
Event: 5.190 GC heap after
Heap after GC invocations=5 (full 0):
 PSYoungGen      total 63488K, used 2019K [0x00000000eab00000, 0x00000000f3b00000, 0x0000000100000000)
  eden space 61440K, 0% used [0x00000000eab00000,0x00000000eab00000,0x00000000ee700000)
  from space 2048K, 98% used [0x00000000ee700000,0x00000000ee8f8dc8,0x00000000ee900000)
  to   space 12288K, 0% used [0x00000000f2f00000,0x00000000f2f00000,0x00000000f3b00000)
 ParOldGen       total 39936K, used 21845K [0x00000000c0000000, 0x00000000c2700000, 0x00000000eab00000)
  object space 39936K, 54% used [0x00000000c0000000,0x00000000c15557f0,0x00000000c2700000)
 Metaspace       used 5967K, capacity 6960K, committed 7040K, reserved 1056768K
  class space    used 574K, capacity 616K, committed 640K, reserved 1048576K
}
Event: 5.852 GC heap before
{Heap before GC invocations=6 (full 0):
 PSYoungGen      total 63488K, used 63459K [0x00000000eab00000, 0x00000000f3b00000, 0x0000000100000000)
  eden space 61440K, 100% used [0x00000000eab00000,0x00000000ee700000,0x00000000ee700000)
  from space 2048K, 98% used [0x00000000ee700000,0x00000000ee8f8dc8,0x00000000ee900000)
  to   space 12288K, 0% used [0x00000000f2f00000,0x00000000f2f00000,0x00000000f3b00000)
 ParOldGen       total 39936K, used 21849K [0x00000000c0000000, 0x00000000c2700000, 0x00000000eab00000)
  object space 39936K, 54% used [0x00000000c0000000,0x00000000c15565e8,0x00000000c2700000)
 Metaspace       used 6110K, capacity 7024K, committed 7296K, reserved 1056768K
  class space    used 592K, capacity 616K, committed 640K, reserved 1048576K
Event: 5.983 GC heap after
Heap after GC invocations=6 (full 0):
 PSYoungGen      total 134144K, used 10224K [0x00000000eab00000, 0x00000000f3d00000, 0x0000000100000000)
  eden space 121856K, 0% used [0x00000000eab00000,0x00000000eab00000,0x00000000f2200000)
  from space 12288K, 83% used [0x00000000f2f00000,0x00000000f38fc340,0x00000000f3b00000)
  to   space 13312K, 0% used [0x00000000f2200000,0x00000000f2200000,0x00000000f2f00000)
 ParOldGen       total 39936K, used 21849K [0x00000000c0000000, 0x00000000c2700000, 0x00000000eab00000)
  object space 39936K, 54% used [0x00000000c0000000,0x00000000c15565e8,0x00000000c2700000)
 Metaspace       used 6110K, capacity 7024K, committed 7296K, reserved 1056768K
  class space    used 592K, capacity 616K, committed 640K, reserved 1048576K
}
Event: 7.633 GC heap before
{Heap before GC invocations=7 (full 0):
 PSYoungGen      total 134144K, used 132080K [0x00000000eab00000, 0x00000000f3d00000, 0x0000000100000000)
  eden space 121856K, 100% used [0x00000000eab00000,0x00000000f2200000,0x00000000f2200000)
  from space 12288K, 83% used [0x00000000f2f00000,0x00000000f38fc340,0x00000000f3b00000)
  to   space 13312K, 0% used [0x00000000f2200000,0x00000000f2200000,0x00000000f2f00000)
 ParOldGen       total 39936K, used 21849K [0x00000000c0000000, 0x00000000c2700000, 0x00000000eab00000)
  object space 39936K, 54% used [0x00000000c0000000,0x00000000c15565e8,0x00000000c2700000)
 Metaspace       used 6232K, capacity 7088K, committed 7296K, reserved 1056768K
  class space    used 592K, capacity 616K, committed 640K, reserved 1048576K

Deoptimization events (10 events):
Event: 4.183 Thread 0x00007f3a20168800 Uncommon trap: reason=unstable_if action=reinterpret pc=0x00007f3a11385e80 method=com.android.dx.ssa.SsaRenamer$BlockRenamer.visitMoveInsn(Lcom/android/dx/ssa/NormalSsaInsn;)V @ 104
Event: 4.561 Thread 0x00007f3a20166000 Uncommon trap: reason=unstable_if action=reinterpret pc=0x00007f3a11360204 method=com.android.dx.util.IntList.binarysearch(I)I @ 105
Event: 4.685 Thread 0x00007f3a20166000 Uncommon trap: reason=unstable_if action=reinterpret pc=0x00007f3a1136e6fc method=com.android.dx.ssa.SsaMethod.updateOneDefinition(Lcom/android/dx/ssa/SsaInsn;Lcom/android/dx/rop/code/RegisterSpec;)V @ 4
Event: 4.995 Thread 0x00007f3a2000a800 Uncommon trap: reason=unstable_if action=reinterpret pc=0x00007f3a11484a44 method=com.android.dx.ssa.SCCP.simulateStmt(Lcom/android/dx/ssa/SsaInsn;)V @ 53
Event: 5.484 Thread 0x00007f3a20166000 Uncommon trap: reason=unstable_if action=reinterpret pc=0x00007f3a112a4f3c method=java.util.HashMap.putVal(ILjava/lang/Object;Ljava/lang/Object;ZZ)Ljava/lang/Object; @ 162
Event: 5.721 Thread 0x00007f3a20168800 Uncommon trap: reason=bimorphic action=maybe_recompile pc=0x00007f3a1153c81c method=com.android.dx.ssa.LiteralOpUpgrader.tryReplacingWithConstant(Lcom/android/dx/ssa/NormalSsaInsn;)Z @ 62
Event: 5.725 Thread 0x00007f3a20168800 Uncommon trap: reason=unstable_if action=reinterpret pc=0x00007f3a114a63f4 method=java.util.HashMap.putVal(ILjava/lang/Object;Ljava/lang/Object;ZZ)Ljava/lang/Object; @ 162
Event: 6.116 Thread 0x00007f3a20166000 Uncommon trap: reason=bimorphic action=maybe_recompile pc=0x00007f3a1153c81c method=com.android.dx.ssa.LiteralOpUpgrader.tryReplacingWithConstant(Lcom/android/dx/ssa/NormalSsaInsn;)Z @ 62
Event: 6.200 Thread 0x00007f3a20168800 Uncommon trap: reason=unstable_if action=reinterpret pc=0x00007f3a114c6f80 method=com.android.dx.ssa.MoveParamCombiner$1.visitNonMoveInsn(Lcom/android/dx/ssa/NormalSsaInsn;)V @ 27
Event: 6.684 Thread 0x00007f3a20158000 Uncommon trap: reason=unstable_if action=reinterpret pc=0x00007f3a1134c7c8 method=com.android.dx.dex.code.OutputFinisher.hasLocalInfo(Lcom/android/dx/dex/code/DalvInsn;)Z @ 24

Internal exceptions (6 events):
Event: 0.255 Thread 0x00007f3a2000a800 Exception <a 'java/lang/NoSuchMethodError': Method sun.misc.Unsafe.defineClass(Ljava/lang/String;[BII)Ljava/lang/Class; name or signature does not match> (0x00000000eab07cc0) thrown at [/ssd/Android/AOSP-openjdk/external/jetbrains/jdk/hotspot/src/share/vm
Event: 0.255 Thread 0x00007f3a2000a800 Exception <a 'java/lang/NoSuchMethodError': Method sun.misc.Unsafe.prefetchRead(Ljava/lang/Object;J)V name or signature does not match> (0x00000000eab07fa8) thrown at [/ssd/Android/AOSP-openjdk/external/jetbrains/jdk/hotspot/src/share/vm/prims/jni.cpp, li
Event: 3.207 Thread 0x00007f3a2000a800 Implicit null exception at 0x00007f3a112c11ec to 0x00007f3a112c40b1
Event: 5.507 Thread 0x00007f3a20166000 Exception <a 'java/lang/ArrayIndexOutOfBoundsException': 18> (0x00000000ecee5a58) thrown at [/ssd/Android/AOSP-openjdk/external/jetbrains/jdk/hotspot/src/share/vm/interpreter/interpreterRuntime.cpp, line 366]
Event: 5.507 Thread 0x00007f3a20166000 Exception <a 'java/lang/ArrayIndexOutOfBoundsException': 145> (0x00000000ecee75d8) thrown at [/ssd/Android/AOSP-openjdk/external/jetbrains/jdk/hotspot/src/share/vm/interpreter/interpreterRuntime.cpp, line 366]
Event: 5.508 Thread 0x00007f3a20166000 Exception <a 'java/lang/ArrayIndexOutOfBoundsException': 40> (0x00000000ecee88c0) thrown at [/ssd/Android/AOSP-openjdk/external/jetbrains/jdk/hotspot/src/share/vm/interpreter/interpreterRuntime.cpp, line 366]

Events (10 events):
Event: 7.252 Thread 0x00007f3a20158000 DEOPT UNPACKING pc=0x00007f3a11047373 sp=0x00007f3a09012ea8 mode 0
Event: 7.303 Thread 0x00007f3a20158000 DEOPT PACKING pc=0x00007f3a113938ac sp=0x00007f3a090130a0
Event: 7.303 Thread 0x00007f3a20158000 DEOPT UNPACKING pc=0x00007f3a11047373 sp=0x00007f3a09012da0 mode 0
Event: 7.327 Thread 0x00007f3a20168800 DEOPT PACKING pc=0x00007f3a11455005 sp=0x00007f3a08c0f080
Event: 7.327 Thread 0x00007f3a20168800 DEOPT UNPACKING pc=0x00007f3a11047373 sp=0x00007f3a08c0edd0 mode 0
Event: 7.469 Thread 0x00007f3a20158000 DEOPT PACKING pc=0x00007f3a113938ac sp=0x00007f3a09013160
Event: 7.469 Thread 0x00007f3a20158000 DEOPT UNPACKING pc=0x00007f3a11047373 sp=0x00007f3a09012e60 mode 0
Event: 7.606 Thread 0x00007f3a2000a800 DEOPT PACKING pc=0x00007f3a1145361a sp=0x00007f3a286a7a30
Event: 7.606 Thread 0x00007f3a2000a800 DEOPT UNPACKING pc=0x00007f3a11047373 sp=0x00007f3a286a77e0 mode 0
Event: 7.630 Executing VM operation: ParallelGCFailedAllocation


Dynamic libraries:
00400000-00401000 r-xp 00000000 08:02 5112980                            /home/abu/.local/share/umake/android/android-studio/jre/bin/java
00600000-00601000 r--p 00000000 08:02 5112980                            /home/abu/.local/share/umake/android/android-studio/jre/bin/java
00601000-00602000 rw-p 00001000 08:02 5112980                            /home/abu/.local/share/umake/android/android-studio/jre/bin/java
009a0000-009c1000 rw-p 00000000 00:00 0                                  [heap]
c0000000-c2700000 rw-p 00000000 00:00 0 
c2700000-eab00000 ---p 00000000 00:00 0 
eab00000-f3d00000 rw-p 00000000 00:00 0 
fc500000-100000000 ---p 00000000 00:00 0 
100000000-1000a0000 rw-p 00000000 00:00 0 
1000a0000-140000000 ---p 00000000 00:00 0 
7f39c4000000-7f39c4037000 rw-p 00000000 00:00 0 
7f39c4037000-7f39c8000000 ---p 00000000 00:00 0 
7f39c8000000-7f39c8022000 rw-p 00000000 00:00 0 
7f39c8022000-7f39cc000000 ---p 00000000 00:00 0 
7f39cc000000-7f39cc021000 rw-p 00000000 00:00 0 
7f39cc021000-7f39d0000000 ---p 00000000 00:00 0 
7f39d0000000-7f39d0021000 rw-p 00000000 00:00 0 
7f39d0021000-7f39d4000000 ---p 00000000 00:00 0 
7f39d4000000-7f39d4021000 rw-p 00000000 00:00 0 
7f39d4021000-7f39d8000000 ---p 00000000 00:00 0 
7f39d8000000-7f39d8021000 rw-p 00000000 00:00 0 
7f39d8021000-7f39dc000000 ---p 00000000 00:00 0 
7f39dc000000-7f39dc8e9000 rw-p 00000000 00:00 0 
7f39dc8e9000-7f39e0000000 ---p 00000000 00:00 0 
7f39e0000000-7f39e0021000 rw-p 00000000 00:00 0 
7f39e0021000-7f39e4000000 ---p 00000000 00:00 0 
7f39e4000000-7f39e4a10000 rw-p 00000000 00:00 0 
7f39e4a10000-7f39e8000000 ---p 00000000 00:00 0 
7f39e8000000-7f39e8ae7000 rw-p 00000000 00:00 0 
7f39e8ae7000-7f39ec000000 ---p 00000000 00:00 0 
7f39ec000000-7f39ec021000 rw-p 00000000 00:00 0 
7f39ec021000-7f39f0000000 ---p 00000000 00:00 0 
7f39f0000000-7f39f0021000 rw-p 00000000 00:00 0 
7f39f0021000-7f39f4000000 ---p 00000000 00:00 0 
7f39f4000000-7f39f4284000 rw-p 00000000 00:00 0 
7f39f4284000-7f39f8000000 ---p 00000000 00:00 0 
7f39f8000000-7f39f8021000 rw-p 00000000 00:00 0 
7f39f8021000-7f39fc000000 ---p 00000000 00:00 0 
7f39fc000000-7f39fc021000 rw-p 00000000 00:00 0 
7f39fc021000-7f3a00000000 ---p 00000000 00:00 0 
7f3a00000000-7f3a00021000 rw-p 00000000 00:00 0 
7f3a00021000-7f3a04000000 ---p 00000000 00:00 0 
7f3a04000000-7f3a04021000 rw-p 00000000 00:00 0 
7f3a04021000-7f3a08000000 ---p 00000000 00:00 0 
7f3a08b10000-7f3a08b13000 ---p 00000000 00:00 0 
7f3a08b13000-7f3a08c11000 rw-p 00000000 00:00 0                          [stack:18614]
7f3a08c11000-7f3a08c14000 ---p 00000000 00:00 0 
7f3a08c14000-7f3a08d12000 rw-p 00000000 00:00 0                          [stack:18613]
7f3a08d12000-7f3a08d15000 ---p 00000000 00:00 0 
7f3a08d15000-7f3a08e13000 rw-p 00000000 00:00 0                          [stack:18612]
7f3a08e13000-7f3a08e16000 ---p 00000000 00:00 0 
7f3a08e16000-7f3a08f14000 rw-p 00000000 00:00 0                          [stack:18611]
7f3a08f14000-7f3a08f17000 ---p 00000000 00:00 0 
7f3a08f17000-7f3a09015000 rw-p 00000000 00:00 0                          [stack:18610]
7f3a09015000-7f3a09016000 ---p 00000000 00:00 0 
7f3a09016000-7f3a09116000 rw-p 00000000 00:00 0                          [stack:18569]
7f3a09116000-7f3a09119000 ---p 00000000 00:00 0 
7f3a09119000-7f3a09217000 rw-p 00000000 00:00 0                          [stack:18568]
7f3a09217000-7f3a0921a000 ---p 00000000 00:00 0 
7f3a0921a000-7f3a09318000 rw-p 00000000 00:00 0                          [stack:18567]
7f3a09318000-7f3a0931b000 ---p 00000000 00:00 0 
7f3a0931b000-7f3a09419000 rw-p 00000000 00:00 0                          [stack:18566]
7f3a09419000-7f3a0941c000 ---p 00000000 00:00 0 
7f3a0941c000-7f3a0951a000 rw-p 00000000 00:00 0                          [stack:18565]
7f3a0951a000-7f3a0951d000 ---p 00000000 00:00 0 
7f3a0951d000-7f3a0961b000 rw-p 00000000 00:00 0                          [stack:18564]
7f3a0961b000-7f3a09cfd000 r--p 00000000 08:02 12065615                   /usr/lib/locale/locale-archive
7f3a09cfd000-7f3a09d00000 ---p 00000000 00:00 0 
7f3a09d00000-7f3a09dfe000 rw-p 00000000 00:00 0                          [stack:18563]
7f3a09dfe000-7f3a09e01000 ---p 00000000 00:00 0 
7f3a09e01000-7f3a09eff000 rw-p 00000000 00:00 0                          [stack:18562]
7f3a09eff000-7f3a09f00000 ---p 00000000 00:00 0 
7f3a09f00000-7f3a0c000000 rw-p 00000000 00:00 0                          [stack:18561]
7f3a0c000000-7f3a0c021000 rw-p 00000000 00:00 0 
7f3a0c021000-7f3a10000000 ---p 00000000 00:00 0 
7f3a100e7000-7f3a100f1000 r--s 00098000 08:02 7605067                    /home/abu/AndroidStudioProjects/PAT/app/build/intermediates/exploded-aar/com.android.support/appcompat-v7/24.2.0/jars/classes.jar
7f3a100f1000-7f3a11000000 rw-p 00000000 00:00 0 
7f3a11000000-7f3a11690000 rwxp 00000000 00:00 0 
7f3a11690000-7f3a20000000 ---p 00000000 00:00 0 
7f3a20000000-7f3a20381000 rw-p 00000000 00:00 0 
7f3a20381000-7f3a24000000 ---p 00000000 00:00 0 
7f3a24009000-7f3a240b9000 rw-p 00000000 00:00 0 
7f3a240b9000-7f3a24286000 r--s 03bec000 08:02 5113037                    /home/abu/.local/share/umake/android/android-studio/jre/jre/lib/rt.jar
7f3a24286000-7f3a2497c000 rw-p 00000000 00:00 0 
7f3a2497c000-7f3a24afc000 ---p 00000000 00:00 0 
7f3a24afc000-7f3a24cfc000 rw-p 00000000 00:00 0 
7f3a24cfc000-7f3a24cfd000 ---p 00000000 00:00 0 
7f3a24cfd000-7f3a24dfd000 rw-p 00000000 00:00 0                          [stack:18560]
7f3a24dfd000-7f3a24dfe000 ---p 00000000 00:00 0 
7f3a24dfe000-7f3a24efe000 rw-p 00000000 00:00 0                          [stack:18559]
7f3a24efe000-7f3a24eff000 ---p 00000000 00:00 0 
7f3a24eff000-7f3a24fff000 rw-p 00000000 00:00 0                          [stack:18558]
7f3a24fff000-7f3a25000000 ---p 00000000 00:00 0 
7f3a25000000-7f3a25114000 rw-p 00000000 00:00 0                          [stack:18557]
7f3a25114000-7f3a25256000 ---p 00000000 00:00 0 
7f3a25256000-7f3a2526a000 rw-p 00000000 00:00 0 
7f3a2526a000-7f3a253ab000 ---p 00000000 00:00 0 
7f3a253ab000-7f3a253f5000 rw-p 00000000 00:00 0 
7f3a253f5000-7f3a25456000 ---p 00000000 00:00 0 
7f3a25456000-7f3a25472000 rw-p 00000000 00:00 0 
7f3a25472000-7f3a25817000 ---p 00000000 00:00 0 
7f3a25817000-7f3a25831000 r-xp 00000000 08:02 5113064                    /home/abu/.local/share/umake/android/android-studio/jre/jre/lib/amd64/libzip.so
7f3a25831000-7f3a25a31000 ---p 0001a000 08:02 5113064                    /home/abu/.local/share/umake/android/android-studio/jre/jre/lib/amd64/libzip.so
7f3a25a31000-7f3a25a32000 r--p 0001a000 08:02 5113064                    /home/abu/.local/share/umake/android/android-studio/jre/jre/lib/amd64/libzip.so
7f3a25a32000-7f3a25a33000 rw-p 0001b000 08:02 5113064                    /home/abu/.local/share/umake/android/android-studio/jre/jre/lib/amd64/libzip.so
7f3a25a33000-7f3a25a3d000 r-xp 00000000 08:02 4722592                    /lib/x86_64-linux-gnu/libnss_files-2.19.so
7f3a25a3d000-7f3a25c3c000 ---p 0000a000 08:02 4722592                    /lib/x86_64-linux-gnu/libnss_files-2.19.so
7f3a25c3c000-7f3a25c3d000 r--p 00009000 08:02 4722592                    /lib/x86_64-linux-gnu/libnss_files-2.19.so
7f3a25c3d000-7f3a25c3e000 rw-p 0000a000 08:02 4722592                    /lib/x86_64-linux-gnu/libnss_files-2.19.so
7f3a25c3e000-7f3a25c49000 r-xp 00000000 08:02 4718690                    /lib/x86_64-linux-gnu/libnss_nis-2.19.so
7f3a25c49000-7f3a25e48000 ---p 0000b000 08:02 4718690                    /lib/x86_64-linux-gnu/libnss_nis-2.19.so
7f3a25e48000-7f3a25e49000 r--p 0000a000 08:02 4718690                    /lib/x86_64-linux-gnu/libnss_nis-2.19.so
7f3a25e49000-7f3a25e4a000 rw-p 0000b000 08:02 4718690                    /lib/x86_64-linux-gnu/libnss_nis-2.19.so
7f3a25e4a000-7f3a25e61000 r-xp 00000000 08:02 4718686                    /lib/x86_64-linux-gnu/libnsl-2.19.so
7f3a25e61000-7f3a26060000 ---p 00017000 08:02 4718686                    /lib/x86_64-linux-gnu/libnsl-2.19.so
7f3a26060000-7f3a26061000 r--p 00016000 08:02 4718686                    /lib/x86_64-linux-gnu/libnsl-2.19.so
7f3a26061000-7f3a26062000 rw-p 00017000 08:02 4718686                    /lib/x86_64-linux-gnu/libnsl-2.19.so
7f3a26062000-7f3a26064000 rw-p 00000000 00:00 0 
7f3a26064000-7f3a2606d000 r-xp 00000000 08:02 4718685                    /lib/x86_64-linux-gnu/libnss_compat-2.19.so
7f3a2606d000-7f3a2626c000 ---p 00009000 08:02 4718685                    /lib/x86_64-linux-gnu/libnss_compat-2.19.so
7f3a2626c000-7f3a2626d000 r--p 00008000 08:02 4718685                    /lib/x86_64-linux-gnu/libnss_compat-2.19.so
7f3a2626d000-7f3a2626e000 rw-p 00009000 08:02 4718685                    /lib/x86_64-linux-gnu/libnss_compat-2.19.so
7f3a2626e000-7f3a2629b000 r-xp 00000000 08:02 5113074                    /home/abu/.local/share/umake/android/android-studio/jre/jre/lib/amd64/libjava.so
7f3a2629b000-7f3a2649a000 ---p 0002d000 08:02 5113074                    /home/abu/.local/share/umake/android/android-studio/jre/jre/lib/amd64/libjava.so
7f3a2649a000-7f3a2649b000 r--p 0002c000 08:02 5113074                    /home/abu/.local/share/umake/android/android-studio/jre/jre/lib/amd64/libjava.so
7f3a2649b000-7f3a2649d000 rw-p 0002d000 08:02 5113074                    /home/abu/.local/share/umake/android/android-studio/jre/jre/lib/amd64/libjava.so
7f3a2649d000-7f3a264ad000 r-xp 00000000 08:02 5113090                    /home/abu/.local/share/umake/android/android-studio/jre/jre/lib/amd64/libverify.so
7f3a264ad000-7f3a266ac000 ---p 00010000 08:02 5113090                    /home/abu/.local/share/umake/android/android-studio/jre/jre/lib/amd64/libverify.so
7f3a266ac000-7f3a266ae000 r--p 0000f000 08:02 5113090                    /home/abu/.local/share/umake/android/android-studio/jre/jre/lib/amd64/libverify.so
7f3a266ae000-7f3a266af000 rw-p 00011000 08:02 5113090                    /home/abu/.local/share/umake/android/android-studio/jre/jre/lib/amd64/libverify.so
7f3a266af000-7f3a266b6000 r-xp 00000000 08:02 4718694                    /lib/x86_64-linux-gnu/librt-2.19.so
7f3a266b6000-7f3a268b5000 ---p 00007000 08:02 4718694                    /lib/x86_64-linux-gnu/librt-2.19.so
7f3a268b5000-7f3a268b6000 r--p 00006000 08:02 4718694                    /lib/x86_64-linux-gnu/librt-2.19.so
7f3a268b6000-7f3a268b7000 rw-p 00007000 08:02 4718694                    /lib/x86_64-linux-gnu/librt-2.19.so
7f3a268b7000-7f3a269bc000 r-xp 00000000 08:02 4718622                    /lib/x86_64-linux-gnu/libm-2.19.so
7f3a269bc000-7f3a26bbb000 ---p 00105000 08:02 4718622                    /lib/x86_64-linux-gnu/libm-2.19.so
7f3a26bbb000-7f3a26bbc000 r--p 00104000 08:02 4718622                    /lib/x86_64-linux-gnu/libm-2.19.so
7f3a26bbc000-7f3a26bbd000 rw-p 00105000 08:02 4718622                    /lib/x86_64-linux-gnu/libm-2.19.so
7f3a26bbd000-7f3a277a3000 r-xp 00000000 08:02 5113094                    /home/abu/.local/share/umake/android/android-studio/jre/jre/lib/amd64/server/libjvm.so
7f3a277a3000-7f3a279a3000 ---p 00be6000 08:02 5113094                    /home/abu/.local/share/umake/android/android-studio/jre/jre/lib/amd64/server/libjvm.so
7f3a279a3000-7f3a27a42000 r--p 00be6000 08:02 5113094                    /home/abu/.local/share/umake/android/android-studio/jre/jre/lib/amd64/server/libjvm.so
7f3a27a42000-7f3a27a6b000 rw-p 00c85000 08:02 5113094                    /home/abu/.local/share/umake/android/android-studio/jre/jre/lib/amd64/server/libjvm.so
7f3a27a6b000-7f3a27aad000 rw-p 00000000 00:00 0 
7f3a27aad000-7f3a27ac6000 r-xp 00000000 08:02 4718687                    /lib/x86_64-linux-gnu/libpthread-2.19.so
7f3a27ac6000-7f3a27cc5000 ---p 00019000 08:02 4718687                    /lib/x86_64-linux-gnu/libpthread-2.19.so
7f3a27cc5000-7f3a27cc6000 r--p 00018000 08:02 4718687                    /lib/x86_64-linux-gnu/libpthread-2.19.so
7f3a27cc6000-7f3a27cc7000 rw-p 00019000 08:02 4718687                    /lib/x86_64-linux-gnu/libpthread-2.19.so
7f3a27cc7000-7f3a27ccb000 rw-p 00000000 00:00 0 
7f3a27ccb000-7f3a27cce000 r-xp 00000000 08:02 4718682                    /lib/x86_64-linux-gnu/libdl-2.19.so
7f3a27cce000-7f3a27ecd000 ---p 00003000 08:02 4718682                    /lib/x86_64-linux-gnu/libdl-2.19.so
7f3a27ecd000-7f3a27ece000 r--p 00002000 08:02 4718682                    /lib/x86_64-linux-gnu/libdl-2.19.so
7f3a27ece000-7f3a27ecf000 rw-p 00003000 08:02 4718682                    /lib/x86_64-linux-gnu/libdl-2.19.so
7f3a27ecf000-7f3a28089000 r-xp 00000000 08:02 4718695                    /lib/x86_64-linux-gnu/libc-2.19.so
7f3a28089000-7f3a28289000 ---p 001ba000 08:02 4718695                    /lib/x86_64-linux-gnu/libc-2.19.so
7f3a28289000-7f3a2828d000 r--p 001ba000 08:02 4718695                    /lib/x86_64-linux-gnu/libc-2.19.so
7f3a2828d000-7f3a2828f000 rw-p 001be000 08:02 4718695                    /lib/x86_64-linux-gnu/libc-2.19.so
7f3a2828f000-7f3a28294000 rw-p 00000000 00:00 0 
7f3a28294000-7f3a282aa000 r-xp 00000000 08:02 5112954                    /home/abu/.local/share/umake/android/android-studio/jre/lib/amd64/jli/libjli.so
7f3a282aa000-7f3a284a9000 ---p 00016000 08:02 5112954                    /home/abu/.local/share/umake/android/android-studio/jre/lib/amd64/jli/libjli.so
7f3a284a9000-7f3a284aa000 r--p 00015000 08:02 5112954                    /home/abu/.local/share/umake/android/android-studio/jre/lib/amd64/jli/libjli.so
7f3a284aa000-7f3a284ab000 rw-p 00016000 08:02 5112954                    /home/abu/.local/share/umake/android/android-studio/jre/lib/amd64/jli/libjli.so
7f3a284ab000-7f3a284ce000 r-xp 00000000 08:02 4718688                    /lib/x86_64-linux-gnu/ld-2.19.so
7f3a284d0000-7f3a285a9000 rw-p 00000000 00:00 0 
7f3a285a9000-7f3a285ac000 ---p 00000000 00:00 0 
7f3a285ac000-7f3a286ae000 rw-p 00000000 00:00 0                          [stack:18555]
7f3a286b2000-7f3a286b3000 rw-p 00000000 00:00 0 
7f3a286b3000-7f3a286c1000 r--s 000e0000 08:02 1317168                    /home/abu/Android/Sdk/build-tools/24.0.2/lib/dx.jar
7f3a286c1000-7f3a286c9000 rw-s 00000000 08:02 1317249                    /tmp/hsperfdata_abu/18551
7f3a286c9000-7f3a286ca000 rw-p 00000000 00:00 0 
7f3a286ca000-7f3a286cb000 ---p 00000000 00:00 0 
7f3a286cb000-7f3a286cd000 rw-p 00000000 00:00 0 
7f3a286cd000-7f3a286ce000 r--p 00022000 08:02 4718688                    /lib/x86_64-linux-gnu/ld-2.19.so
7f3a286ce000-7f3a286cf000 rw-p 00023000 08:02 4718688                    /lib/x86_64-linux-gnu/ld-2.19.so
7f3a286cf000-7f3a286d0000 rw-p 00000000 00:00 0 
7ffc8cecb000-7ffc8ceec000 rw-p 00000000 00:00 0                          [stack]
7ffc8ceec000-7ffc8ceee000 r-xp 00000000 00:00 0                          [vdso]
7ffc8ceee000-7ffc8cef0000 r--p 00000000 00:00 0                          [vvar]
ffffffffff600000-ffffffffff601000 r-xp 00000000 00:00 0                  [vsyscall]

VM Arguments:
jvm_args: -Djava.awt.headless=true -Xmx1024M -Dfile.encoding=UTF-8 -Duser.country=IN -Duser.language=en -Duser.variant 
java_command: com.android.dx.command.Main --dex --num-threads=4 --output /home/abu/AndroidStudioProjects/PAT/app/build/intermediates/pre-dexed/debug/com.android.support-appcompat-v7-24.2.0_3c2713c61e3bb411748ba71809e23ffc2083b84f.jar /home/abu/AndroidStudioProjects/PAT/app/build/intermediates/exploded-aar/com.android.support/appcompat-v7/24.2.0/jars/classes.jar
java_class_path (initial): /home/abu/Android/Sdk/build-tools/24.0.2/lib/dx.jar
Launcher Type: SUN_STANDARD

Environment Variables:
JAVA_HOME=/usr/lib/jvm/java-8-oracle
PATH=/home/abu/.local/share/umake/bin:/usr/local/sbin:/usr/local/bin:/usr/sbin:/usr/bin:/sbin:/bin:/usr/games:/usr/local/games:/usr/lib/jvm/java-8-oracle/bin:/usr/lib/jvm/java-8-oracle/db/bin:/usr/lib/jvm/java-8-oracle/jre/bin
LD_LIBRARY_PATH=/home/abu/.local/share/umake/android/android-studio/bin:
SHELL=/bin/bash
DISPLAY=:0

Signal Handlers:
SIGSEGV: [libjvm.so+0x9daac0], sa_mask[0]=11111111011111111101111111111110, sa_flags=SA_RESTART|SA_SIGINFO
SIGBUS: [libjvm.so+0x9daac0], sa_mask[0]=11111111011111111101111111111110, sa_flags=SA_RESTART|SA_SIGINFO
SIGFPE: [libjvm.so+0x840d90], sa_mask[0]=11111111011111111101111111111110, sa_flags=SA_RESTART|SA_SIGINFO
SIGPIPE: [libjvm.so+0x840d90], sa_mask[0]=11111111011111111101111111111110, sa_flags=SA_RESTART|SA_SIGINFO
SIGXFSZ: [libjvm.so+0x840d90], sa_mask[0]=11111111011111111101111111111110, sa_flags=SA_RESTART|SA_SIGINFO
SIGILL: [libjvm.so+0x840d90], sa_mask[0]=11111111011111111101111111111110, sa_flags=SA_RESTART|SA_SIGINFO
SIGUSR1: SIG_DFL, sa_mask[0]=00000000000000000000000000000000, sa_flags=none
SIGUSR2: [libjvm.so+0x840c60], sa_mask[0]=00100000000000000000000000000000, sa_flags=SA_RESTART|SA_SIGINFO
SIGHUP: [libjvm.so+0x840e50], sa_mask[0]=11111111011111111101111111111110, sa_flags=SA_RESTART|SA_SIGINFO
SIGINT: [libjvm.so+0x840e50], sa_mask[0]=11111111011111111101111111111110, sa_flags=SA_RESTART|SA_SIGINFO
SIGTERM: [libjvm.so+0x840e50], sa_mask[0]=11111111011111111101111111111110, sa_flags=SA_RESTART|SA_SIGINFO
SIGQUIT: [libjvm.so+0x840e50], sa_mask[0]=11111111011111111101111111111110, sa_flags=SA_RESTART|SA_SIGINFO


---------------  S Y S T E M  ---------------

OS:DISTRIB_ID=Ubuntu
DISTRIB_RELEASE=14.04
DISTRIB_CODENAME=trusty
DISTRIB_DESCRIPTION="Ubuntu 14.04.5 LTS"

uname:Linux 3.16.0-77-generic #99~14.04.1-Ubuntu SMP Tue Jun 28 19:17:10 UTC 2016 x86_64
libc:glibc 2.19 NPTL 2.19 
rlimit: STACK 8192k, CORE 0k, NPROC 13838, NOFILE 4096, AS infinity
load average:47.66 27.18 16.26

/proc/meminfo:
MemTotal:        3744076 kB
MemFree:           84824 kB
MemAvailable:      40440 kB
Buffers:             168 kB
Cached:           233040 kB
SwapCached:          168 kB
Active:          2622168 kB
Inactive:         800520 kB
Active(anon):    2612964 kB
Inactive(anon):   792116 kB
Active(file):       9204 kB
Inactive(file):     8404 kB
Unevictable:          48 kB
Mlocked:              48 kB
SwapTotal:       3888124 kB
SwapFree:              0 kB
Dirty:                84 kB
Writeback:             0 kB
AnonPages:       3191060 kB
Mapped:            16332 kB
Shmem:            215012 kB
Slab:             107516 kB
SReclaimable:      62556 kB
SUnreclaim:        44960 kB
KernelStack:       13936 kB
PageTables:        60320 kB
NFS_Unstable:          0 kB
Bounce:                0 kB
WritebackTmp:          0 kB
CommitLimit:     5760160 kB
Committed_AS:   13153296 kB
VmallocTotal:   34359738367 kB
VmallocUsed:      350756 kB
VmallocChunk:   34359298968 kB
HardwareCorrupted:     0 kB
AnonHugePages:    409600 kB
HugePages_Total:       0
HugePages_Free:        0
HugePages_Rsvd:        0
HugePages_Surp:        0
Hugepagesize:       2048 kB
DirectMap4k:       77748 kB
DirectMap2M:     3811328 kB


CPU:total 4 (2 cores per cpu, 2 threads per core) family 6 model 58 stepping 9, cmov, cx8, fxsr, mmx, sse, sse2, sse3, ssse3, sse4.1, sse4.2, popcnt, avx, aes, clmul, erms, ht, tsc, tscinvbit, tscinv

/proc/cpuinfo:
processor	: 0
vendor_id	: GenuineIntel
cpu family	: 6
model		: 58
model name	: Intel(R) Core(TM) i7-3517U CPU @ 1.90GHz
stepping	: 9
microcode	: 0x12
cpu MHz		: 2800.031
cache size	: 4096 KB
physical id	: 0
siblings	: 4
core id		: 0
cpu cores	: 2
apicid		: 0
initial apicid	: 0
fpu		: yes
fpu_exception	: yes
cpuid level	: 13
wp		: yes
flags		: fpu vme de pse tsc msr pae mce cx8 apic sep mtrr pge mca cmov pat pse36 clflush dts acpi mmx fxsr sse sse2 ss ht tm pbe syscall nx rdtscp lm constant_tsc arch_perfmon pebs bts rep_good nopl xtopology nonstop_tsc aperfmperf eagerfpu pni pclmulqdq dtes64 monitor ds_cpl vmx est tm2 ssse3 cx16 xtpr pdcm pcid sse4_1 sse4_2 x2apic popcnt tsc_deadline_timer aes xsave avx f16c rdrand lahf_lm ida arat epb xsaveopt pln pts dtherm tpr_shadow vnmi flexpriority ept vpid fsgsbase smep erms
bogomips	: 4788.75
clflush size	: 64
cache_alignment	: 64
address sizes	: 36 bits physical, 48 bits virtual
power management:

processor	: 1
vendor_id	: GenuineIntel
cpu family	: 6
model		: 58
model name	: Intel(R) Core(TM) i7-3517U CPU @ 1.90GHz
stepping	: 9
microcode	: 0x12
cpu MHz		: 2800.031
cache size	: 4096 KB
physical id	: 0
siblings	: 4
core id		: 0
cpu cores	: 2
apicid		: 1
initial apicid	: 1
fpu		: yes
fpu_exception	: yes
cpuid level	: 13
wp		: yes
flags		: fpu vme de pse tsc msr pae mce cx8 apic sep mtrr pge mca cmov pat pse36 clflush dts acpi mmx fxsr sse sse2 ss ht tm pbe syscall nx rdtscp lm constant_tsc arch_perfmon pebs bts rep_good nopl xtopology nonstop_tsc aperfmperf eagerfpu pni pclmulqdq dtes64 monitor ds_cpl vmx est tm2 ssse3 cx16 xtpr pdcm pcid sse4_1 sse4_2 x2apic popcnt tsc_deadline_timer aes xsave avx f16c rdrand lahf_lm arat epb xsaveopt pln pts dtherm tpr_shadow vnmi flexpriority ept vpid fsgsbase smep erms
bogomips	: 4788.75
clflush size	: 64
cache_alignment	: 64
address sizes	: 36 bits physical, 48 bits virtual
power management:

processor	: 2
vendor_id	: GenuineIntel
cpu family	: 6
model		: 58
model name	: Intel(R) Core(TM) i7-3517U CPU @ 1.90GHz
stepping	: 9
microcode	: 0x12
cpu MHz		: 2800.031
cache size	: 4096 KB
physical id	: 0
siblings	: 4
core id		: 1
cpu cores	: 2
apicid		: 2
initial apicid	: 2
fpu		: yes
fpu_exception	: yes
cpuid level	: 13
wp		: yes
flags		: fpu vme de pse tsc msr pae mce cx8 apic sep mtrr pge mca cmov pat pse36 clflush dts acpi mmx fxsr sse sse2 ss ht tm pbe syscall nx rdtscp lm constant_tsc arch_perfmon pebs bts rep_good nopl xtopology nonstop_tsc aperfmperf eagerfpu pni pclmulqdq dtes64 monitor ds_cpl vmx est tm2 ssse3 cx16 xtpr pdcm pcid sse4_1 sse4_2 x2apic popcnt tsc_deadline_timer aes xsave avx f16c rdrand lahf_lm arat epb xsaveopt pln pts dtherm tpr_shadow vnmi flexpriority ept vpid fsgsbase smep erms
bogomips	: 4788.75
clflush size	: 64
cache_alignment	: 64
address sizes	: 36 bits physical, 48 bits virtual
power management:

processor	: 3
vendor_id	: GenuineIntel
cpu family	: 6
model		: 58
model name	: Intel(R) Core(TM) i7-3517U CPU @ 1.90GHz
stepping	: 9
microcode	: 0x12
cpu MHz		: 2800.031
cache size	: 4096 KB
physical id	: 0
siblings	: 4
core id		: 1
cpu cores	: 2
apicid		: 3
initial apicid	: 3
fpu		: yes
fpu_exception	: yes
cpuid level	: 13
wp		: yes
flags		: fpu vme de pse tsc msr pae mce cx8 apic sep mtrr pge mca cmov pat pse36 clflush dts acpi mmx fxsr sse sse2 ss ht tm pbe syscall nx rdtscp lm constant_tsc arch_perfmon pebs bts rep_good nopl xtopology nonstop_tsc aperfmperf eagerfpu pni pclmulqdq dtes64 monitor ds_cpl vmx est tm2 ssse3 cx16 xtpr pdcm pcid sse4_1 sse4_2 x2apic popcnt tsc_deadline_timer aes xsave avx f16c rdrand lahf_lm arat epb xsaveopt pln pts dtherm tpr_shadow vnmi flexpriority ept vpid fsgsbase smep erms
bogomips	: 4788.75
clflush size	: 64
cache_alignment	: 64
address sizes	: 36 bits physical, 48 bits virtual
power management:



Memory: 4k page, physical 3744076k(84840k free), swap 3888124k(0k free)

vm_info: OpenJDK 64-Bit Server VM (25.76-b03) for linux-amd64 JRE (1.8.0_76-release-b03), built on Jun 29 2016 09:39:19 by "builder" with gcc 4.8.4

time: Wed Jan 11 04:07:50 2017
elapsed time: 8 seconds (0d 0h 0m 8s)

